2025-05-29 00:49:36 USER: naruto
2025-05-29 00:49:38 BOT: Результаты поиска
2025-05-29 00:49:41 BOT: 🎬 <b>Naruto</b> (2002)

⭐ Оценка: 8.01
📺 Эпизодов: 220

📝 Описание:
Moments before Naruto Uzumaki's birth, a huge demon known as the Nine-Tailed Fox attacked Konohagakure, the Hidden Leaf Village, and wreaked havoc. In order to put an end to the demon's rampage, the leader of the village, the Fourth Hokage, sacrificed his life and sealed the monstrous beast inside the newborn Naruto.

In the present, Naruto is a hyperactive and knuckle-headed ninja growing up with...
2025-05-29 00:51:49 USER: Назад
2025-05-29 00:51:50 USER: /help
2025-05-29 00:51:50 BOT: 📋 Доступные команды:

🔍 Поиск аниме - найти аниме по названию
🏆 Топ аниме - показать лучшие аниме
🎲 Случайное аниме - получить случайное аниме
ℹ️ Помощь - это сообщение
2025-05-29 00:51:54 USER: Поиск аниме
2025-05-29 00:51:54 USER: Поиск аниме
2025-05-29 00:52:05 USER: naruto
2025-05-29 00:52:06 BOT: Результаты поиска
2025-05-29 00:52:25 BOT: 🎬 <b>Naruto</b> (2002)

⭐ Оценка: 8.01
📺 Эпизодов: 220

📝 Описание:
Moments before Naruto Uzumaki's birth, a huge demon known as the Nine-Tailed Fox attacked Konohagakure, the Hidden Leaf Village, and wreaked havoc. In order to put an end to the demon's rampage, the leader of the village, the Fourth Hokage, sacrificed his life and sealed the monstrous beast inside the newborn Naruto.

In the present, Naruto is a hyperactive and knuckle-headed ninja growing up with...
2025-05-29 00:52:53 USER: Назад
2025-05-29 00:52:53 USER: /help
2025-05-29 00:52:53 BOT: 📋 Доступные команды:

🔍 Поиск аниме - найти аниме по названию
🏆 Топ аниме - показать лучшие аниме
🎲 Случайное аниме - получить случайное аниме
ℹ️ Помощь - это сообщение
2025-05-29 00:52:56 USER: Топ аниме
2025-05-29 00:52:56 USER: Топ аниме
2025-05-29 00:52:57 BOT: 🏆 Топ аниме:

1. Sousou no Frieren ⭐ 9.3
2. Fullmetal Alchemist: Brotherhood ⭐ 9.1
3. Steins;Gate ⭐ 9.07
4. Shingeki no Kyojin Season 3 Part 2 ⭐ 9.05
5. Gintama° ⭐ 9.05
6. One Piece Fan Letter ⭐ 9.04
7. Gintama: The Final ⭐ 9.04
8. Hunter x Hunter (2011) ⭐ 9.03
9. Gintama' ⭐ 9.02
10. Gintama': Enchousen ⭐ 9.02
2025-05-29 00:53:23 USER: Случайное аниме
2025-05-29 00:53:23 USER: Случайное аниме
2025-05-29 00:53:24 BOT: 🎲 Случайное аниме:

🎬 <b>Yuru Camp△ Movie</b> (None)

⭐ Оценка: 8.38
📺 Эпизодов: 1

📝 Описание:
As time marches forward, Rin Shima, Nadeshiko Kagamihara, and their friends have grown into full-fledged adults. Now with careers and responsibilities, they can no longer freely spend their days camping and adventuring. However, Chiaki Oogaki, who currently works for the Yamanashi Tourism Organization, reunites the group as she comes up with an exciting proposal—to build a campground together to r...
